CRITICAL - 2024-03-24 05:42:03 --> CodeIgniter\Router\Exceptions\RouterException: The namespace delimiter is a backslash (\), not a slash (/). Route handler: "\App\Controllers\PustakaBooking/Contoh1::index"
in SYSTEMPATH\Router\Router.php on line 480.
 1 SYSTEMPATH\Router\Router.php(480): CodeIgniter\Router\Exceptions\RouterException::forInvalidControllerName('\\App\\Controllers\\PustakaBooking/Contoh1::index')
 2 SYSTEMPATH\Router\Router.php(187): CodeIgniter\Router\Router->checkRoutes('pustaka-booking')
 3 SYSTEMPATH\CodeIgniter.php(823): CodeIgniter\Router\Router->handle('pustaka-booking')
 4 SYSTEMPATH\CodeIgniter.php(450): CodeIgniter\CodeIgniter->tryToRouteIt(Object(CodeIgniter\Router\RouteCollection))
 5 SYSTEMPATH\CodeIgniter.php(361): CodeIgniter\CodeIgniter->handleRequest(null, Object(Config\Cache), false)
 6 FCPATH\index.php(79): CodeIgniter\CodeIgniter->run()
 7 SYSTEMPATH\Commands\Server\rewrite.php(47): require_once('C:\\xampp\\htdocs\\Latihan-Web-pro-2\\Web-pro-2\\public\\index.php')
CRITICAL - 2024-03-24 05:45:24 --> CodeIgniter\Router\Exceptions\RouterException: The namespace delimiter is a backslash (\), not a slash (/). Route handler: "\App\Controllers\PustakaBooking/Contoh1::index"
in SYSTEMPATH\Router\Router.php on line 480.
 1 SYSTEMPATH\Router\Router.php(480): CodeIgniter\Router\Exceptions\RouterException::forInvalidControllerName('\\App\\Controllers\\PustakaBooking/Contoh1::index')
 2 SYSTEMPATH\Router\Router.php(187): CodeIgniter\Router\Router->checkRoutes('pustaka-booking')
 3 SYSTEMPATH\CodeIgniter.php(823): CodeIgniter\Router\Router->handle('pustaka-booking')
 4 SYSTEMPATH\CodeIgniter.php(450): CodeIgniter\CodeIgniter->tryToRouteIt(Object(CodeIgniter\Router\RouteCollection))
 5 SYSTEMPATH\CodeIgniter.php(361): CodeIgniter\CodeIgniter->handleRequest(null, Object(Config\Cache), false)
 6 FCPATH\index.php(79): CodeIgniter\CodeIgniter->run()
 7 SYSTEMPATH\Commands\Server\rewrite.php(47): require_once('C:\\xampp\\htdocs\\Latihan-Web-pro-2\\Web-pro-2\\public\\index.php')
CRITICAL - 2024-03-24 05:47:02 --> CodeIgniter\Router\Exceptions\RouterException: The namespace delimiter is a backslash (\), not a slash (/). Route handler: "\App\Controllers\PustakaBooking/Contoh1::index"
in SYSTEMPATH\Router\Router.php on line 480.
 1 SYSTEMPATH\Router\Router.php(480): CodeIgniter\Router\Exceptions\RouterException::forInvalidControllerName('\\App\\Controllers\\PustakaBooking/Contoh1::index')
 2 SYSTEMPATH\Router\Router.php(187): CodeIgniter\Router\Router->checkRoutes('pustaka-booking')
 3 SYSTEMPATH\CodeIgniter.php(823): CodeIgniter\Router\Router->handle('pustaka-booking')
 4 SYSTEMPATH\CodeIgniter.php(450): CodeIgniter\CodeIgniter->tryToRouteIt(Object(CodeIgniter\Router\RouteCollection))
 5 SYSTEMPATH\CodeIgniter.php(361): CodeIgniter\CodeIgniter->handleRequest(null, Object(Config\Cache), false)
 6 FCPATH\index.php(79): CodeIgniter\CodeIgniter->run()
 7 SYSTEMPATH\Commands\Server\rewrite.php(47): require_once('C:\\xampp\\htdocs\\Latihan-Web-pro-2\\Web-pro-2\\public\\index.php')
CRITICAL - 2024-03-24 05:47:37 --> CodeIgniter\Router\Exceptions\RouterException: The namespace delimiter is a backslash (\), not a slash (/). Route handler: "\App\Controllers\PustakaBooking/Contoh1::index"
in SYSTEMPATH\Router\Router.php on line 480.
 1 SYSTEMPATH\Router\Router.php(480): CodeIgniter\Router\Exceptions\RouterException::forInvalidControllerName('\\App\\Controllers\\PustakaBooking/Contoh1::index')
 2 SYSTEMPATH\Router\Router.php(187): CodeIgniter\Router\Router->checkRoutes('pustakabooking')
 3 SYSTEMPATH\CodeIgniter.php(823): CodeIgniter\Router\Router->handle('pustakabooking')
 4 SYSTEMPATH\CodeIgniter.php(450): CodeIgniter\CodeIgniter->tryToRouteIt(Object(CodeIgniter\Router\RouteCollection))
 5 SYSTEMPATH\CodeIgniter.php(361): CodeIgniter\CodeIgniter->handleRequest(null, Object(Config\Cache), false)
 6 FCPATH\index.php(79): CodeIgniter\CodeIgniter->run()
 7 SYSTEMPATH\Commands\Server\rewrite.php(47): require_once('C:\\xampp\\htdocs\\Latihan-Web-pro-2\\Web-pro-2\\public\\index.php')
CRITICAL - 2024-03-24 05:48:40 --> CodeIgniter\Router\Exceptions\RouterException: The namespace delimiter is a backslash (\), not a slash (/). Route handler: "\App\Controllers\PustakaBooking/Contoh1::index"
in SYSTEMPATH\Router\Router.php on line 480.
 1 SYSTEMPATH\Router\Router.php(480): CodeIgniter\Router\Exceptions\RouterException::forInvalidControllerName('\\App\\Controllers\\PustakaBooking/Contoh1::index')
 2 SYSTEMPATH\Router\Router.php(187): CodeIgniter\Router\Router->checkRoutes('pustakabooking')
 3 SYSTEMPATH\CodeIgniter.php(823): CodeIgniter\Router\Router->handle('pustakabooking')
 4 SYSTEMPATH\CodeIgniter.php(450): CodeIgniter\CodeIgniter->tryToRouteIt(Object(CodeIgniter\Router\RouteCollection))
 5 SYSTEMPATH\CodeIgniter.php(361): CodeIgniter\CodeIgniter->handleRequest(null, Object(Config\Cache), false)
 6 FCPATH\index.php(79): CodeIgniter\CodeIgniter->run()
 7 SYSTEMPATH\Commands\Server\rewrite.php(47): require_once('C:\\xampp\\htdocs\\Latihan-Web-pro-2\\Web-pro-2\\public\\index.php')
CRITICAL - 2024-03-24 05:48:45 --> CodeIgniter\Router\Exceptions\RouterException: The namespace delimiter is a backslash (\), not a slash (/). Route handler: "\App\Controllers\PustakaBooking/Contoh1::index"
in SYSTEMPATH\Router\Router.php on line 480.
 1 SYSTEMPATH\Router\Router.php(480): CodeIgniter\Router\Exceptions\RouterException::forInvalidControllerName('\\App\\Controllers\\PustakaBooking/Contoh1::index')
 2 SYSTEMPATH\Router\Router.php(187): CodeIgniter\Router\Router->checkRoutes('pustakabooking')
 3 SYSTEMPATH\CodeIgniter.php(823): CodeIgniter\Router\Router->handle('pustakabooking')
 4 SYSTEMPATH\CodeIgniter.php(450): CodeIgniter\CodeIgniter->tryToRouteIt(Object(CodeIgniter\Router\RouteCollection))
 5 SYSTEMPATH\CodeIgniter.php(361): CodeIgniter\CodeIgniter->handleRequest(null, Object(Config\Cache), false)
 6 FCPATH\index.php(79): CodeIgniter\CodeIgniter->run()
 7 SYSTEMPATH\Commands\Server\rewrite.php(47): require_once('C:\\xampp\\htdocs\\Latihan-Web-pro-2\\Web-pro-2\\public\\index.php')
CRITICAL - 2024-03-24 05:48:47 --> CodeIgniter\Router\Exceptions\RouterException: The namespace delimiter is a backslash (\), not a slash (/). Route handler: "\App\Controllers\PustakaBooking/Contoh1::index"
in SYSTEMPATH\Router\Router.php on line 480.
 1 SYSTEMPATH\Router\Router.php(480): CodeIgniter\Router\Exceptions\RouterException::forInvalidControllerName('\\App\\Controllers\\PustakaBooking/Contoh1::index')
 2 SYSTEMPATH\Router\Router.php(187): CodeIgniter\Router\Router->checkRoutes('pustakabooking')
 3 SYSTEMPATH\CodeIgniter.php(823): CodeIgniter\Router\Router->handle('pustakabooking')
 4 SYSTEMPATH\CodeIgniter.php(450): CodeIgniter\CodeIgniter->tryToRouteIt(Object(CodeIgniter\Router\RouteCollection))
 5 SYSTEMPATH\CodeIgniter.php(361): CodeIgniter\CodeIgniter->handleRequest(null, Object(Config\Cache), false)
 6 FCPATH\index.php(79): CodeIgniter\CodeIgniter->run()
 7 SYSTEMPATH\Commands\Server\rewrite.php(47): require_once('C:\\xampp\\htdocs\\Latihan-Web-pro-2\\Web-pro-2\\public\\index.php')
CRITICAL - 2024-03-24 05:56:18 --> Error: Class "app\Controllers\BaseController" not found
in APPPATH\Controllers\PustakaBooking\Contoh1.php on line 6.
 1 SYSTEMPATH\Autoloader\Autoloader.php(311): include_once()
 2 SYSTEMPATH\Autoloader\Autoloader.php(290): CodeIgniter\Autoloader\Autoloader->includeFile('C:\\xampp\\htdocs\\Latihan-Web-pro-2\\Web-pro-2\\app\\Controllers\\PustakaBooking\\Contoh1.php')
 3 SYSTEMPATH\Autoloader\Autoloader.php(266): CodeIgniter\Autoloader\Autoloader->loadInNamespace('App\\Controllers\\PustakaBooking\\Contoh1')
 4 [internal function]: CodeIgniter\Autoloader\Autoloader->loadClass('App\\Controllers\\PustakaBooking\\Contoh1')
 5 SYSTEMPATH\CodeIgniter.php(899): class_exists('\\App\\Controllers\\PustakaBooking\\Contoh1', true)
 6 SYSTEMPATH\CodeIgniter.php(489): CodeIgniter\CodeIgniter->startController()
 7 SYSTEMPATH\CodeIgniter.php(361): CodeIgniter\CodeIgniter->handleRequest(null, Object(Config\Cache), false)
 8 FCPATH\index.php(79): CodeIgniter\CodeIgniter->run()
 9 SYSTEMPATH\Commands\Server\rewrite.php(47): require_once('C:\\xampp\\htdocs\\Latihan-Web-pro-2\\Web-pro-2\\public\\index.php')
CRITICAL - 2024-03-24 05:56:19 --> Error: Class "app\Controllers\BaseController" not found
in APPPATH\Controllers\PustakaBooking\Contoh1.php on line 6.
 1 SYSTEMPATH\Autoloader\Autoloader.php(311): include_once()
 2 SYSTEMPATH\Autoloader\Autoloader.php(290): CodeIgniter\Autoloader\Autoloader->includeFile('C:\\xampp\\htdocs\\Latihan-Web-pro-2\\Web-pro-2\\app\\Controllers\\PustakaBooking\\Contoh1.php')
 3 SYSTEMPATH\Autoloader\Autoloader.php(266): CodeIgniter\Autoloader\Autoloader->loadInNamespace('App\\Controllers\\PustakaBooking\\Contoh1')
 4 [internal function]: CodeIgniter\Autoloader\Autoloader->loadClass('App\\Controllers\\PustakaBooking\\Contoh1')
 5 SYSTEMPATH\CodeIgniter.php(899): class_exists('\\App\\Controllers\\PustakaBooking\\Contoh1', true)
 6 SYSTEMPATH\CodeIgniter.php(489): CodeIgniter\CodeIgniter->startController()
 7 SYSTEMPATH\CodeIgniter.php(361): CodeIgniter\CodeIgniter->handleRequest(null, Object(Config\Cache), false)
 8 FCPATH\index.php(79): CodeIgniter\CodeIgniter->run()
 9 SYSTEMPATH\Commands\Server\rewrite.php(47): require_once('C:\\xampp\\htdocs\\Latihan-Web-pro-2\\Web-pro-2\\public\\index.php')
CRITICAL - 2024-03-24 05:56:22 --> Error: Class "app\Controllers\BaseController" not found
in APPPATH\Controllers\PustakaBooking\Contoh1.php on line 6.
 1 SYSTEMPATH\Autoloader\Autoloader.php(311): include_once()
 2 SYSTEMPATH\Autoloader\Autoloader.php(290): CodeIgniter\Autoloader\Autoloader->includeFile('C:\\xampp\\htdocs\\Latihan-Web-pro-2\\Web-pro-2\\app\\Controllers\\PustakaBooking\\Contoh1.php')
 3 SYSTEMPATH\Autoloader\Autoloader.php(266): CodeIgniter\Autoloader\Autoloader->loadInNamespace('App\\Controllers\\PustakaBooking\\Contoh1')
 4 [internal function]: CodeIgniter\Autoloader\Autoloader->loadClass('App\\Controllers\\PustakaBooking\\Contoh1')
 5 SYSTEMPATH\CodeIgniter.php(899): class_exists('\\App\\Controllers\\PustakaBooking\\Contoh1', true)
 6 SYSTEMPATH\CodeIgniter.php(489): CodeIgniter\CodeIgniter->startController()
 7 SYSTEMPATH\CodeIgniter.php(361): CodeIgniter\CodeIgniter->handleRequest(null, Object(Config\Cache), false)
 8 FCPATH\index.php(79): CodeIgniter\CodeIgniter->run()
 9 SYSTEMPATH\Commands\Server\rewrite.php(47): require_once('C:\\xampp\\htdocs\\Latihan-Web-pro-2\\Web-pro-2\\public\\index.php')
CRITICAL - 2024-03-24 05:56:39 --> Error: Class "app\Controllers\BaseController" not found
in APPPATH\Controllers\PustakaBooking\Contoh1.php on line 6.
 1 SYSTEMPATH\Autoloader\Autoloader.php(311): include_once()
 2 SYSTEMPATH\Autoloader\Autoloader.php(290): CodeIgniter\Autoloader\Autoloader->includeFile('C:\\xampp\\htdocs\\Latihan-Web-pro-2\\Web-pro-2\\app\\Controllers\\PustakaBooking\\Contoh1.php')
 3 SYSTEMPATH\Autoloader\Autoloader.php(266): CodeIgniter\Autoloader\Autoloader->loadInNamespace('App\\Controllers\\PustakaBooking\\Contoh1')
 4 [internal function]: CodeIgniter\Autoloader\Autoloader->loadClass('App\\Controllers\\PustakaBooking\\Contoh1')
 5 SYSTEMPATH\CodeIgniter.php(899): class_exists('\\App\\Controllers\\PustakaBooking\\Contoh1', true)
 6 SYSTEMPATH\CodeIgniter.php(489): CodeIgniter\CodeIgniter->startController()
 7 SYSTEMPATH\CodeIgniter.php(361): CodeIgniter\CodeIgniter->handleRequest(null, Object(Config\Cache), false)
 8 FCPATH\index.php(79): CodeIgniter\CodeIgniter->run()
 9 SYSTEMPATH\Commands\Server\rewrite.php(47): require_once('C:\\xampp\\htdocs\\Latihan-Web-pro-2\\Web-pro-2\\public\\index.php')
CRITICAL - 2024-03-24 05:57:44 --> Error: Class "app\Controllers\BaseController" not found
in APPPATH\Controllers\PustakaBooking\Contoh1.php on line 6.
 1 SYSTEMPATH\Autoloader\Autoloader.php(311): include_once()
 2 SYSTEMPATH\Autoloader\Autoloader.php(290): CodeIgniter\Autoloader\Autoloader->includeFile('C:\\xampp\\htdocs\\Latihan-Web-pro-2\\Web-pro-2\\app\\Controllers\\PustakaBooking\\Contoh1.php')
 3 SYSTEMPATH\Autoloader\Autoloader.php(266): CodeIgniter\Autoloader\Autoloader->loadInNamespace('App\\Controllers\\PustakaBooking\\Contoh1')
 4 [internal function]: CodeIgniter\Autoloader\Autoloader->loadClass('App\\Controllers\\PustakaBooking\\Contoh1')
 5 SYSTEMPATH\CodeIgniter.php(899): class_exists('\\App\\Controllers\\PustakaBooking\\Contoh1', true)
 6 SYSTEMPATH\CodeIgniter.php(489): CodeIgniter\CodeIgniter->startController()
 7 SYSTEMPATH\CodeIgniter.php(361): CodeIgniter\CodeIgniter->handleRequest(null, Object(Config\Cache), false)
 8 FCPATH\index.php(79): CodeIgniter\CodeIgniter->run()
 9 SYSTEMPATH\Commands\Server\rewrite.php(47): require_once('C:\\xampp\\htdocs\\Latihan-Web-pro-2\\Web-pro-2\\public\\index.php')
